<?xml version="1.0" encoding="UTF-8"?>
<!-- Generated by org.testng.reporters.JUnitXMLReporter -->
<testsuite hostname="jackie-PC" ignored="0" name="Default test" tests="3" failures="0" timestamp="02 八月 2017 01:42:15 GMT" time="0.048" errors="0">
  <testcase name="verifyUser" time="0.009" classname="TankLearn2.Learn.DataProviderLearn"/>
  <testcase name="verifyUser" time="0.002" classname="TankLearn2.Learn.DataProviderLearn"/>
  <testcase name="verifyUser" time="0.002" classname="TankLearn2.Learn.DataProviderLearn"/>
</testsuite> <!-- Default test -->
