<?xml version="1.0" encoding="UTF-8"?>
<!-- Generated by org.testng.reporters.JUnitXMLReporter -->
<testsuite hostname="jackie-PC" ignored="0" name="test12" tests="3" failures="0" timestamp="31 七月 2017 01:54:06 GMT" time="0.04" errors="0">
  <testcase name="TestNgLearn2" time="0.01" classname="TankLearn2.Learn.TestNGLearn1"/>
  <testcase name="TestNgLearn1" time="0.002" classname="TankLearn2.Learn.TestNGLearn1"/>
  <testcase name="TestNgLearn" time="0.002" classname="TankLearn2.Learn.TestNGLearn1"/>
</testsuite> <!-- test12 -->
