<?xml version="1.0" encoding="UTF-8"?>
<testng-results skipped="0" failed="0" ignored="0" total="3" passed="3">
  <reporter-output>
  </reporter-output>
  <suite name="Suite1" duration-ms="40" started-at="2017-08-02T01:45:14Z" finished-at="2017-08-02T01:45:14Z">
    <groups>
    </groups>
    <test name="test12" duration-ms="40" started-at="2017-08-02T01:45:14Z" finished-at="2017-08-02T01:45:14Z">
      <class name="TankLearn2.Learn.TestNGLearn1">
        <test-method status="PASS" signature="TestNgLearn2()[pri:0, instance:TankLearn2.Learn.TestNGLearn1@32d992b2]" name="TestNgLearn2" duration-ms="10" started-at="2017-08-02T09:45:14Z" finished-at="2017-08-02T09:45:14Z">
          <reporter-output>
          </reporter-output>
        </test-method> <!-- TestNgLearn2 -->
        <test-method status="PASS" signature="TestNgLearn1()[pri:0, instance:TankLearn2.Learn.TestNGLearn1@32d992b2]" name="TestNgLearn1" duration-ms="2" started-at="2017-08-02T09:45:14Z" finished-at="2017-08-02T09:45:14Z">
          <reporter-output>
          </reporter-output>
        </test-method> <!-- TestNgLearn1 -->
        <test-method status="PASS" signature="TestNgLearn()[pri:0, instance:TankLearn2.Learn.TestNGLearn1@32d992b2]" name="TestNgLearn" duration-ms="2" started-at="2017-08-02T09:45:14Z" finished-at="2017-08-02T09:45:14Z">
          <reporter-output>
          </reporter-output>
        </test-method> <!-- TestNgLearn -->
      </class> <!-- TankLearn2.Learn.TestNGLearn1 -->
    </test> <!-- test12 -->
  </suite> <!-- Suite1 -->
</testng-results>
